01:25:45.436 [main] INFO  oleksii.leheza.java.lab5.main.MyLogger - RunApplication
01:25:45.442 [main] INFO  oleksii.leheza.java.lab5.main.MyLogger - Saving shapes to file
01:25:45.468 [main] INFO  oleksii.leheza.java.lab5.main.MyLogger - Save objects to file serializableFile.txt
01:25:45.468 [main] INFO  oleksii.leheza.java.lab5.main.MyLogger - Reading objects from file serializableFile.txt
01:25:45.478 [main] INFO  oleksii.leheza.java.lab5.main.MyLogger - Shapes has been read from file
01:25:45.478 [main] INFO  oleksii.leheza.java.lab5.main.MyLogger - Print readed objects from file serializableFile.txt
01:25:45.479 [main] INFO  oleksii.leheza.java.lab5.main.MyLogger - Triangle [firstSide=2.0, secondSide=2.0, thirdSide=3.0]
01:25:45.480 [main] INFO  oleksii.leheza.java.lab5.main.MyLogger - Rectangle [height=200.0, width=100.0]
01:25:45.481 [main] INFO  oleksii.leheza.java.lab5.main.MyLogger - Circle [radius=10.0]
01:25:45.481 [main] INFO  oleksii.leheza.java.lab5.main.MyLogger - End program
01:29:26.077 [main] INFO  oleksii.leheza.java.lab5.main.MyLogger - RunApplication
01:29:26.087 [main] INFO  oleksii.leheza.java.lab5.main.MyLogger - Saving shapes to file
01:29:26.152 [main] INFO  oleksii.leheza.java.lab5.main.MyLogger - Shapes has been saved
01:29:26.153 [main] INFO  oleksii.leheza.java.lab5.main.MyLogger - Reading objects from file serializableFile.txt
01:29:26.182 [main] INFO  oleksii.leheza.java.lab5.main.MyLogger - Shapes has been readed
01:29:26.184 [main] INFO  oleksii.leheza.java.lab5.main.MyLogger - Print readed objects from file serializableFile.txt
01:29:26.186 [main] INFO  oleksii.leheza.java.lab5.main.MyLogger - Triangle [firstSide=2.0, secondSide=2.0, thirdSide=3.0]
01:29:26.187 [main] INFO  oleksii.leheza.java.lab5.main.MyLogger - Rectangle [height=200.0, width=100.0]
01:29:26.187 [main] INFO  oleksii.leheza.java.lab5.main.MyLogger - Circle [radius=10.0]
01:29:26.187 [main] INFO  oleksii.leheza.java.lab5.main.MyLogger - End program
01:30:12.823 [main] INFO  oleksii.leheza.java.lab5.main.MyLogger - RunApplication
01:30:12.831 [main] INFO  oleksii.leheza.java.lab5.main.MyLogger - Saving shapes to file
01:30:12.862 [main] INFO  oleksii.leheza.java.lab5.main.MyLogger - Shapes has been saved
01:30:12.863 [main] INFO  oleksii.leheza.java.lab5.main.MyLogger - Reading objects from file serializableFile.txt
01:30:12.873 [main] INFO  oleksii.leheza.java.lab5.main.MyLogger - Shapes has been readed
01:30:12.873 [main] INFO  oleksii.leheza.java.lab5.main.MyLogger - Print readed objects from file serializableFile.txt
01:30:12.876 [main] INFO  oleksii.leheza.java.lab5.main.MyLogger - End program
01:33:57.129 [main] INFO  oleksii.leheza.java.lab5.main.MyLogger - RunApplication
01:33:57.133 [main] INFO  oleksii.leheza.java.lab5.main.MyLogger - Create shapes list
01:33:57.134 [main] INFO  oleksii.leheza.java.lab5.main.MyLogger - Add shape to list
01:33:57.138 [main] INFO  oleksii.leheza.java.lab5.main.MyLogger - Shape Triangle
01:33:57.139 [main] INFO  oleksii.leheza.java.lab5.main.MyLogger - Shape Rectangle
01:33:57.140 [main] INFO  oleksii.leheza.java.lab5.main.MyLogger - Shape Circle
01:33:57.141 [main] INFO  oleksii.leheza.java.lab5.main.MyLogger - Shapes was added to the list
01:33:57.141 [main] INFO  oleksii.leheza.java.lab5.main.MyLogger - Saving shapes to file
01:33:57.170 [main] INFO  oleksii.leheza.java.lab5.main.MyLogger - Shapes has been saved
01:33:57.171 [main] INFO  oleksii.leheza.java.lab5.main.MyLogger - Reading objects from file serializableFile.txt
01:33:57.179 [main] INFO  oleksii.leheza.java.lab5.main.MyLogger - Shape Triangle
01:33:57.179 [main] INFO  oleksii.leheza.java.lab5.main.MyLogger - Shape Rectangle
01:33:57.180 [main] INFO  oleksii.leheza.java.lab5.main.MyLogger - Shape Circle
01:33:57.180 [main] INFO  oleksii.leheza.java.lab5.main.MyLogger - Shapes has been readed
01:33:57.180 [main] INFO  oleksii.leheza.java.lab5.main.MyLogger - Print readed objects from file serializableFile.txt
01:33:57.182 [main] INFO  oleksii.leheza.java.lab5.main.MyLogger - End program
01:35:56.352 [main] INFO  oleksii.leheza.java.lab5.main.MyLogger - RunApplication
01:35:56.356 [main] INFO  oleksii.leheza.java.lab5.main.MyLogger - Create shapes list
01:35:56.357 [main] INFO  oleksii.leheza.java.lab5.main.MyLogger - Add shape to list
01:35:56.361 [main] INFO  oleksii.leheza.java.lab5.main.MyLogger - Shape Triangle was Created
01:35:56.362 [main] INFO  oleksii.leheza.java.lab5.main.MyLogger - Shape Rectangle was Created
01:35:56.363 [main] INFO  oleksii.leheza.java.lab5.main.MyLogger - Shape Circle was Created
01:35:56.364 [main] INFO  oleksii.leheza.java.lab5.main.MyLogger - Shapes was added to the list
01:35:56.364 [main] INFO  oleksii.leheza.java.lab5.main.MyLogger - Saving shapes to file
01:35:56.394 [main] INFO  oleksii.leheza.java.lab5.main.MyLogger - Shapes has been saved
01:35:56.395 [main] INFO  oleksii.leheza.java.lab5.main.MyLogger - Reading objects from file serializableFile.txt
01:35:56.405 [main] INFO  oleksii.leheza.java.lab5.main.MyLogger - Shape Triangle was Created
01:35:56.405 [main] INFO  oleksii.leheza.java.lab5.main.MyLogger - Shape Rectangle was Created
01:35:56.406 [main] INFO  oleksii.leheza.java.lab5.main.MyLogger - Shape Circle was Created
01:35:56.406 [main] INFO  oleksii.leheza.java.lab5.main.MyLogger - Shapes has been readed
01:35:56.406 [main] INFO  oleksii.leheza.java.lab5.main.MyLogger - Print readed objects from file serializableFile.txt
01:35:56.408 [main] INFO  oleksii.leheza.java.lab5.main.MyLogger - End program
